<?xml version="1.0" encoding="UTF-8"?>
<testsuite name="Корзина" tests="1" skipped="0" failures="0" errors="0" timestamp="2024-11-16T10:56:29" hostname="DESKTOP-NHRDUES" time="7.511">
  <properties/>
  <testcase name="Успешное удаления товара из корзины авторизованного пользователя" classname="tests.BasketTests" time="7.511"/>
  <system-out><![CDATA[Request method:	POST
Request URI:	https://demoqa.com/Account/v1/Login
Proxy:			<none>
Request params:	<none>
Query params:	<none>
Form params:	<none>
Path params:	<none>
Headers:		Accept=*/*
				Content-Type=application/json
Cookies:		<none>
Multiparts:		<none>
Body:
{
    "userName": "Mayaa",
    "password": "MayaMaya1!"
}
HTTP/1.1 200 OK
Server: nginx/1.17.10 (Ubuntu)
Date: Sat, 16 Nov 2024 10:56:32 GMT
Content-Type: application/json; charset=utf-8
Content-Length: 362
Connection: keep-alive
X-Powered-By: Express
ETag: W/"16a-Rl3THh7hxlGE1xRPmv92qyI8s6Q"

{
    "userId": "e161b085-1858-4a89-bc54-4d101718b037",
    "username": "Mayaa",
    "password": "MayaMaya1!",
    "token": "eyJhbGciOiJIUzI1NiIsInR5cCI6IkpXVCJ9.eyJ1c2VyTmFtZSI6Ik1heWFhIiwicGFzc3dvcmQiOiJNYXlhTWF5YTEhIiwiaWF0IjoxNzMxNTg1OTU1fQ.7b-ACucgwYZ9-z9WGs9eTAnNyuJcBqRfc1TzA5BsuXw",
    "expires": "2024-11-21T12:05:55.000Z",
    "created_date": "2024-11-14T11:42:59.000Z",
    "isActive": false
}
Request method:	POST
Request URI:	https://demoqa.com/Account/v1/Login
Proxy:			<none>
Request params:	<none>
Query params:	<none>
Form params:	<none>
Path params:	<none>
Headers:		Accept=*/*
				Content-Type=application/json
Cookies:		<none>
Multiparts:		<none>
Body:
{
    "userName": "Mayaa",
    "password": "MayaMaya1!"
}
HTTP/1.1 200 OK
Server: nginx/1.17.10 (Ubuntu)
Date: Sat, 16 Nov 2024 10:56:33 GMT
Content-Type: application/json; charset=utf-8
Content-Length: 362
Connection: keep-alive
X-Powered-By: Express
ETag: W/"16a-Rl3THh7hxlGE1xRPmv92qyI8s6Q"

{
    "userId": "e161b085-1858-4a89-bc54-4d101718b037",
    "username": "Mayaa",
    "password": "MayaMaya1!",
    "token": "eyJhbGciOiJIUzI1NiIsInR5cCI6IkpXVCJ9.eyJ1c2VyTmFtZSI6Ik1heWFhIiwicGFzc3dvcmQiOiJNYXlhTWF5YTEhIiwiaWF0IjoxNzMxNTg1OTU1fQ.7b-ACucgwYZ9-z9WGs9eTAnNyuJcBqRfc1TzA5BsuXw",
    "expires": "2024-11-21T12:05:55.000Z",
    "created_date": "2024-11-14T11:42:59.000Z",
    "isActive": false
}
Request method:	POST
Request URI:	https://demoqa.com/Account/v1/Login
Proxy:			<none>
Request params:	<none>
Query params:	<none>
Form params:	<none>
Path params:	<none>
Headers:		Accept=*/*
				Content-Type=application/json
Cookies:		<none>
Multiparts:		<none>
Body:
{
    "userName": "Mayaa",
    "password": "MayaMaya1!"
}
HTTP/1.1 200 OK
Server: nginx/1.17.10 (Ubuntu)
Date: Sat, 16 Nov 2024 10:56:33 GMT
Content-Type: application/json; charset=utf-8
Content-Length: 362
Connection: keep-alive
X-Powered-By: Express
ETag: W/"16a-Rl3THh7hxlGE1xRPmv92qyI8s6Q"

{
    "userId": "e161b085-1858-4a89-bc54-4d101718b037",
    "username": "Mayaa",
    "password": "MayaMaya1!",
    "token": "eyJhbGciOiJIUzI1NiIsInR5cCI6IkpXVCJ9.eyJ1c2VyTmFtZSI6Ik1heWFhIiwicGFzc3dvcmQiOiJNYXlhTWF5YTEhIiwiaWF0IjoxNzMxNTg1OTU1fQ.7b-ACucgwYZ9-z9WGs9eTAnNyuJcBqRfc1TzA5BsuXw",
    "expires": "2024-11-21T12:05:55.000Z",
    "created_date": "2024-11-14T11:42:59.000Z",
    "isActive": false
}
Request method:	POST
Request URI:	https://demoqa.com/Account/v1/Login
Proxy:			<none>
Request params:	<none>
Query params:	<none>
Form params:	<none>
Path params:	<none>
Headers:		Accept=*/*
				Content-Type=application/json
Cookies:		<none>
Multiparts:		<none>
Body:
{
    "userName": "Mayaa",
    "password": "MayaMaya1!"
}
HTTP/1.1 200 OK
Server: nginx/1.17.10 (Ubuntu)
Date: Sat, 16 Nov 2024 10:56:35 GMT
Content-Type: application/json; charset=utf-8
Content-Length: 362
Connection: keep-alive
X-Powered-By: Express
ETag: W/"16a-Rl3THh7hxlGE1xRPmv92qyI8s6Q"

{
    "userId": "e161b085-1858-4a89-bc54-4d101718b037",
    "username": "Mayaa",
    "password": "MayaMaya1!",
    "token": "eyJhbGciOiJIUzI1NiIsInR5cCI6IkpXVCJ9.eyJ1c2VyTmFtZSI6Ik1heWFhIiwicGFzc3dvcmQiOiJNYXlhTWF5YTEhIiwiaWF0IjoxNzMxNTg1OTU1fQ.7b-ACucgwYZ9-z9WGs9eTAnNyuJcBqRfc1TzA5BsuXw",
    "expires": "2024-11-21T12:05:55.000Z",
    "created_date": "2024-11-14T11:42:59.000Z",
    "isActive": false
}
Request method:	DELETE
Request URI:	https://demoqa.com/BookStore/v1/Books?UserId=e161b085-1858-4a89-bc54-4d101718b037
Proxy:			<none>
Request params:	<none>
Query params:	UserId=e161b085-1858-4a89-bc54-4d101718b037
Form params:	<none>
Path params:	<none>
Headers:		Authorization=Bearer eyJhbGciOiJIUzI1NiIsInR5cCI6IkpXVCJ9.eyJ1c2VyTmFtZSI6Ik1heWFhIiwicGFzc3dvcmQiOiJNYXlhTWF5YTEhIiwiaWF0IjoxNzMxNTg1OTU1fQ.7b-ACucgwYZ9-z9WGs9eTAnNyuJcBqRfc1TzA5BsuXw
				Accept=*/*
				Content-Type=application/json
Cookies:		<none>
Multiparts:		<none>
Body:			<none>
HTTP/1.1 204 No Content
Server: nginx/1.17.10 (Ubuntu)
Date: Sat, 16 Nov 2024 10:56:35 GMT
Connection: keep-alive
X-Powered-By: Express
ETag: W/"44-1mNkCgFWXrysm2bVvAhS6jkBOlQ"
Request method:	POST
Request URI:	https://demoqa.com/Account/v1/Login
Proxy:			<none>
Request params:	<none>
Query params:	<none>
Form params:	<none>
Path params:	<none>
Headers:		Accept=*/*
				Content-Type=application/json
Cookies:		<none>
Multiparts:		<none>
Body:
{
    "userName": "Mayaa",
    "password": "MayaMaya1!"
}
HTTP/1.1 200 OK
Server: nginx/1.17.10 (Ubuntu)
Date: Sat, 16 Nov 2024 10:56:36 GMT
Content-Type: application/json; charset=utf-8
Content-Length: 362
Connection: keep-alive
X-Powered-By: Express
ETag: W/"16a-Rl3THh7hxlGE1xRPmv92qyI8s6Q"

{
    "userId": "e161b085-1858-4a89-bc54-4d101718b037",
    "username": "Mayaa",
    "password": "MayaMaya1!",
    "token": "eyJhbGciOiJIUzI1NiIsInR5cCI6IkpXVCJ9.eyJ1c2VyTmFtZSI6Ik1heWFhIiwicGFzc3dvcmQiOiJNYXlhTWF5YTEhIiwiaWF0IjoxNzMxNTg1OTU1fQ.7b-ACucgwYZ9-z9WGs9eTAnNyuJcBqRfc1TzA5BsuXw",
    "expires": "2024-11-21T12:05:55.000Z",
    "created_date": "2024-11-14T11:42:59.000Z",
    "isActive": false
}
Request method:	POST
Request URI:	https://demoqa.com/BookStore/v1/Books
Proxy:			<none>
Request params:	<none>
Query params:	<none>
Form params:	<none>
Path params:	<none>
Headers:		Authorization=Bearer eyJhbGciOiJIUzI1NiIsInR5cCI6IkpXVCJ9.eyJ1c2VyTmFtZSI6Ik1heWFhIiwicGFzc3dvcmQiOiJNYXlhTWF5YTEhIiwiaWF0IjoxNzMxNTg1OTU1fQ.7b-ACucgwYZ9-z9WGs9eTAnNyuJcBqRfc1TzA5BsuXw
				Accept=*/*
				Content-Type=application/json
Cookies:		<none>
Multiparts:		<none>
Body:
{
    "userId": "e161b085-1858-4a89-bc54-4d101718b037",
    "collectionOfIsbns": [
        {
            "isbn": "9781449365035"
        }
    ]
}
HTTP/1.1 201 Created
Server: nginx/1.17.10 (Ubuntu)
Date: Sat, 16 Nov 2024 10:56:36 GMT
Content-Type: application/json; charset=utf-8
Content-Length: 36
Connection: keep-alive
X-Powered-By: Express
ETag: W/"24-iscf5cm+Szh2zws8yxvWHSHn5B8"

{
    "books": [
        {
            "isbn": "9781449365035"
        }
    ]
}
]]></system-out>
  <system-err><![CDATA[[Test worker] INFO com.codeborne.selenide.impl.WebDriverThreadLocalContainer - No webdriver is bound to current thread: 1 - let's create a new webdriver
[Test worker] INFO com.codeborne.selenide.impl.FileHelper - Creating folder: C:\Users\Vazilinushka\qa_guru\lesson_18_HW\build\downloads\1731754592274_12340_1
нояб. 16, 2024 1:56:33 PM org.openqa.selenium.devtools.CdpVersionFinder findNearestMatch
WARNING: Unable to find an exact match for CDP version 130, returning the closest version; found: 127; Please update to a Selenium version that supports CDP version 130
[Test worker] INFO com.codeborne.selenide.webdriver.WebDriverFactory - BrowserName=chrome Version=130.0.6723.117 Platform=windows
[Test worker] INFO com.codeborne.selenide.webdriver.WebDriverFactory - Selenide v. 7.4.2
[Test worker] INFO com.codeborne.selenide.webdriver.WebDriverFactory - Selenium WebDriver v. 4.23.1 build revision: 656257d8e9
[Test worker] INFO com.codeborne.selenide.drivercommands.CreateDriverCommand - Created webdriver in thread 1: ChromeDriver -> ChromeDriver: chrome on windows (398a8ca7d254dfc4d9fc3f8137a05198), downloadsFolder: C:\Users\Vazilinushka\qa_guru\lesson_18_HW\build\downloads\1731754592274_12340_1
[Test worker] INFO com.codeborne.selenide.drivercommands.DisposablesRegistry - Register WebDriverInstance[config=StaticConfig, webDriver=ChromeDriver: chrome on windows (398a8ca7d254dfc4d9fc3f8137a05198), proxy=null, downloadsFolder=C:\Users\Vazilinushka\qa_guru\lesson_18_HW\build\downloads\1731754592274_12340_1] in 1 [size=1]
[Test worker] INFO com.codeborne.selenide.drivercommands.DisposablesRegistry - Add shutdown hook in 1 [size=1]
]]></system-err>
</testsuite>
